Using pre-set license

 COMMAND LINE ARGUMENTS:
/Users/kaeljohnston/Desktop/Unity/2020.3.9f1/Unity.app/Contents/MacOS/Unity
-adb2
-batchMode
-noUpm
-name
AssetImportWorker0
-projectPath
/Users/kaeljohnston/Desktop/Unity/Projects/Zombie Apocalypse
-logFile
Logs/AssetImportWorker0.log
-srvPort
58874
Successfully changed project path to: /Users/kaeljohnston/Desktop/Unity/Projects/Zombie Apocalypse
/Users/kaeljohnston/Desktop/Unity/Projects/Zombie Apocalypse
Using Asset Import Pipeline V2.
Refreshing native plugins compatible for Editor in 330.14 ms, found 1 plugins.
Preloading 0 native plugins for Editor in 0.00 ms.
Initialize engine version: 2020.3.9f1 (108be757e447)
[Subsystems] Discovering subsystems at path /Users/kaeljohnston/Desktop/Unity/2020.3.9f1/Unity.app/Contents/Resources/UnitySubsystems
[Subsystems] Discovering subsystems at path /Users/kaeljohnston/Desktop/Unity/Projects/Zombie Apocalypse/Assets
GfxDevice: creating device client; threaded=0
2021-06-11 13:56:06.989 Unity[14857:736768] ED320QR S preferred device: Intel(R) Iris(TM) Plus Graphics (low power)
2021-06-11 13:56:06.989 Unity[14857:736768] Metal devices available: 1
2021-06-11 13:56:06.989 Unity[14857:736768] 0: Intel(R) Iris(TM) Plus Graphics (low power)
2021-06-11 13:56:06.989 Unity[14857:736768] Using device Intel(R) Iris(TM) Plus Graphics (low power)
Initializing Metal device caps: Intel(R) Iris(TM) Plus Graphics
Initialize mono
Mono path[0] = '/Users/kaeljohnston/Desktop/Unity/2020.3.9f1/Unity.app/Contents/Managed'
Mono path[1] = '/Users/kaeljohnston/Desktop/Unity/2020.3.9f1/Unity.app/Contents/MonoBleedingEdge/lib/mono/unityjit'
Mono config path = '/Users/kaeljohnston/Desktop/Unity/2020.3.9f1/Unity.app/Contents/MonoBleedingEdge/etc'
Using monoOptions --debugger-agent=transport=dt_socket,embedding=1,server=y,suspend=n,address=127.0.0.1:56857
Begin MonoManager ReloadAssembly
Registering precompiled unity dll's ...
Register platform support module: /Users/kaeljohnston/Desktop/Unity/2020.3.9f1/PlaybackEngines/WebGLSupport/UnityEditor.WebGL.Extensions.dll
Register platform support module: /Users/kaeljohnston/Desktop/Unity/2020.3.9f1/Unity.app/Contents/PlaybackEngines/MacStandaloneSupport/UnityEditor.OSXStandalone.Extensions.dll
Register platform support module: /Users/kaeljohnston/Desktop/Unity/2020.3.9f1/PlaybackEngines/WindowsStandaloneSupport/UnityEditor.WindowsStandalone.Extensions.dll
Registered in 0.007720 seconds.
Native extension for WindowsStandalone target not found
Native extension for OSXStandalone target not found
Native extension for WebGL target not found
Refreshing native plugins compatible for Editor in 210.65 ms, found 1 plugins.
Preloading 0 native plugins for Editor in 0.00 ms.
Mono: successfully reloaded assembly
- Completed reload, in  7.935 seconds
Platform modules already initialized, skipping
Registering precompiled user dll's ...
Registered in 0.006692 seconds.
Begin MonoManager ReloadAssembly
Native extension for WindowsStandalone target not found
Native extension for OSXStandalone target not found
Native extension for WebGL target not found
Refreshing native plugins compatible for Editor in 335.32 ms, found 1 plugins.
Preloading 0 native plugins for Editor in 0.00 ms.
Mono: successfully reloaded assembly
- Completed reload, in  8.204 seconds
Platform modules already initialized, skipping
========================================================================
Worker process is ready to serve import requests
Launching external process: /Users/kaeljohnston/Desktop/Unity/2020.3.9f1/Unity.app/Contents/Tools/UnityShaderCompiler
Launched and connected shader compiler UnityShaderCompiler after 0.08 seconds
Refreshing native plugins compatible for Editor in 1.42 ms, found 1 plugins.
Preloading 0 native plugins for Editor in 0.00 ms.
Unloading 3522 Unused Serialized files (Serialized files now loaded: 0)
System memory in use before: 338.9 MB.
System memory in use after: 338.5 MB.

Unloading 31 unused Assets to reduce memory usage. Loaded Objects now: 3968.
Total: 18.021191 ms (FindLiveObjects: 2.384444 ms CreateObjectMapping: 1.118482 ms MarkObjects: 11.613225 ms  DeleteObjects: 2.900785 ms)

========================================================================
Received Import Request.
  path: Assets/InventoryParentScript.cs
  artifactKey: Guid(0e1e1b0a399c645cb84d784b74ab2adc) Importer(815301076,1909f56bfc062723c751e8b465ee728b)
Start importing Assets/InventoryParentScript.cs using Guid(0e1e1b0a399c645cb84d784b74ab2adc) Importer(815301076,1909f56bfc062723c751e8b465ee728b)  -> (artifact id: '47836c8fb982cf051924a0c71c6fde2c') in 1.714608 seconds
  Import took 1.740039 seconds .

========================================================================
Received Import Request.
  Time since last request: 10.832221 seconds.
  path: Assets/Stuffs/Player/Inventory/InvStorage.cs
  artifactKey: Guid(3dabefdc71559485fa9793df839db7ff) Importer(815301076,1909f56bfc062723c751e8b465ee728b)
Start importing Assets/Stuffs/Player/Inventory/InvStorage.cs using Guid(3dabefdc71559485fa9793df839db7ff) Importer(815301076,1909f56bfc062723c751e8b465ee728b)  -> (artifact id: '374ac5b58cfdfa365d67c5ffbbf7ba3e') in 0.005074 seconds
  Import took 0.027641 seconds .

========================================================================
Received Prepare
Registering precompiled user dll's ...
Registered in 0.002229 seconds.
Begin MonoManager ReloadAssembly
Native extension for WindowsStandalone target not found
Native extension for OSXStandalone target not found
Native extension for WebGL target not found
Refreshing native plugins compatible for Editor in 0.73 ms, found 1 plugins.
Preloading 0 native plugins for Editor in 0.00 ms.
Mono: successfully reloaded assembly
- Completed reload, in  3.310 seconds
Platform modules already initialized, skipping
Refreshing native plugins compatible for Editor in 0.75 ms, found 1 plugins.
Preloading 0 native plugins for Editor in 0.00 ms.
Unloading 3246 Unused Serialized files (Serialized files now loaded: 0)
System memory in use before: 329.9 MB.
System memory in use after: 329.5 MB.

Unloading 27 unused Assets to reduce memory usage. Loaded Objects now: 3970.
Total: 4.175449 ms (FindLiveObjects: 0.397768 ms CreateObjectMapping: 0.168843 ms MarkObjects: 3.200916 ms  DeleteObjects: 0.405828 ms)

========================================================================
Received Prepare
Registering precompiled user dll's ...
Registered in 0.001580 seconds.
Begin MonoManager ReloadAssembly
Native extension for WindowsStandalone target not found
Native extension for OSXStandalone target not found
Native extension for WebGL target not found
Refreshing native plugins compatible for Editor in 0.61 ms, found 1 plugins.
Preloading 0 native plugins for Editor in 0.00 ms.
Mono: successfully reloaded assembly
- Completed reload, in  2.147 seconds
Platform modules already initialized, skipping
Refreshing native plugins compatible for Editor in 0.63 ms, found 1 plugins.
Preloading 0 native plugins for Editor in 0.00 ms.
Unloading 3246 Unused Serialized files (Serialized files now loaded: 0)
System memory in use before: 330.6 MB.
System memory in use after: 330.2 MB.

Unloading 26 unused Assets to reduce memory usage. Loaded Objects now: 3973.
Total: 3.106891 ms (FindLiveObjects: 0.331146 ms CreateObjectMapping: 0.125642 ms MarkObjects: 2.338119 ms  DeleteObjects: 0.307162 ms)

========================================================================
Received Import Request.
  Time since last request: 12248.884810 seconds.
  path: Assets/InventoryParentScript.cs
  artifactKey: Guid(0e1e1b0a399c645cb84d784b74ab2adc) Importer(815301076,1909f56bfc062723c751e8b465ee728b)
Start importing Assets/InventoryParentScript.cs using Guid(0e1e1b0a399c645cb84d784b74ab2adc) Importer(815301076,1909f56bfc062723c751e8b465ee728b)  -> (artifact id: '107539f154ebb2b22d1232de6f4e4c8b') in 0.010484 seconds
  Import took 0.020743 seconds .

========================================================================
Received Import Request.
  Time since last request: 4.217854 seconds.
  path: Assets/InventorySlotScript.cs
  artifactKey: Guid(ca36a9f9e73ec40f08ec940ade202224) Importer(815301076,1909f56bfc062723c751e8b465ee728b)
Start importing Assets/InventorySlotScript.cs using Guid(ca36a9f9e73ec40f08ec940ade202224) Importer(815301076,1909f56bfc062723c751e8b465ee728b)  -> (artifact id: 'edef9208612aec02067ce22449e515cb') in 0.005853 seconds
  Import took 0.019289 seconds .

========================================================================
Received Import Request.
  Time since last request: 7.703883 seconds.
  path: Assets/Stuffs/Player/Inventory/InvManeger.cs
  artifactKey: Guid(8b5426cda34f04b8b88ee94c8bd74f53) Importer(815301076,1909f56bfc062723c751e8b465ee728b)
Start importing Assets/Stuffs/Player/Inventory/InvManeger.cs using Guid(8b5426cda34f04b8b88ee94c8bd74f53) Importer(815301076,1909f56bfc062723c751e8b465ee728b)  -> (artifact id: 'eb25e80b3fd6a2b1c9a32ef72c80aad5') in 0.002842 seconds
  Import took 0.015801 seconds .

========================================================================
Received Import Request.
  Time since last request: 0.062486 seconds.
  path: Assets/Stuffs/Player/Inventory/InvManeger.cs
  artifactKey: Guid(8b5426cda34f04b8b88ee94c8bd74f53) Importer(815301076,1909f56bfc062723c751e8b465ee728b)
Start importing Assets/Stuffs/Player/Inventory/InvManeger.cs using Guid(8b5426cda34f04b8b88ee94c8bd74f53) Importer(815301076,1909f56bfc062723c751e8b465ee728b)  -> (artifact id: 'eb25e80b3fd6a2b1c9a32ef72c80aad5') in 0.003200 seconds
  Import took 0.017277 seconds .

========================================================================
Received Import Request.
  Time since last request: 16.197844 seconds.
  path: Assets/Stuffs/Player/Inventory/InvManager.cs
  artifactKey: Guid(8b5426cda34f04b8b88ee94c8bd74f53) Importer(815301076,1909f56bfc062723c751e8b465ee728b)
Start importing Assets/Stuffs/Player/Inventory/InvManager.cs using Guid(8b5426cda34f04b8b88ee94c8bd74f53) Importer(815301076,1909f56bfc062723c751e8b465ee728b)  -> (artifact id: '55ce2a5222ca447abaf7378f20e0d2d7') in 0.005525 seconds
  Import took 0.029907 seconds .

========================================================================
Received Prepare
Registering precompiled user dll's ...
Registered in 0.001324 seconds.
Begin MonoManager ReloadAssembly
Native extension for WindowsStandalone target not found
Native extension for OSXStandalone target not found
Native extension for WebGL target not found
Refreshing native plugins compatible for Editor in 0.66 ms, found 1 plugins.
Preloading 0 native plugins for Editor in 0.00 ms.
Mono: successfully reloaded assembly
- Completed reload, in  2.675 seconds
Platform modules already initialized, skipping
Refreshing native plugins compatible for Editor in 0.80 ms, found 1 plugins.
Preloading 0 native plugins for Editor in 0.00 ms.
Unloading 3246 Unused Serialized files (Serialized files now loaded: 0)
System memory in use before: 331.2 MB.
System memory in use after: 330.9 MB.

Unloading 26 unused Assets to reduce memory usage. Loaded Objects now: 3976.
Total: 5.517415 ms (FindLiveObjects: 0.525856 ms CreateObjectMapping: 0.222198 ms MarkObjects: 4.143298 ms  DeleteObjects: 0.623636 ms)

========================================================================
Received Prepare
Registering precompiled user dll's ...
Registered in 0.004246 seconds.
Begin MonoManager ReloadAssembly
Native extension for WindowsStandalone target not found
Native extension for OSXStandalone target not found
Native extension for WebGL target not found
Refreshing native plugins compatible for Editor in 1.58 ms, found 1 plugins.
Preloading 0 native plugins for Editor in 0.00 ms.
Mono: successfully reloaded assembly
- Completed reload, in  5.165 seconds
Platform modules already initialized, skipping
Refreshing native plugins compatible for Editor in 1.61 ms, found 1 plugins.
Preloading 0 native plugins for Editor in 0.00 ms.
Unloading 3246 Unused Serialized files (Serialized files now loaded: 0)
System memory in use before: 331.7 MB.
System memory in use after: 331.3 MB.

Unloading 26 unused Assets to reduce memory usage. Loaded Objects now: 3979.
Total: 5.898745 ms (FindLiveObjects: 0.566082 ms CreateObjectMapping: 0.277231 ms MarkObjects: 4.333140 ms  DeleteObjects: 0.718947 ms)

========================================================================
Received Import Request.
  Time since last request: 8153.709784 seconds.
  path: Assets/Stuffs/Player/Inventory/Textures
  artifactKey: Guid(19132c84794f443eb9146c7e176b9584) Importer(815301076,1909f56bfc062723c751e8b465ee728b)
Start importing Assets/Stuffs/Player/Inventory/Textures using Guid(19132c84794f443eb9146c7e176b9584) Importer(815301076,1909f56bfc062723c751e8b465ee728b)  -> (artifact id: 'ca84568fc2eecf90f9689cb57b15c197') in 0.012507 seconds
  Import took 0.031972 seconds .

========================================================================
Received Import Request.
  Time since last request: 465.482057 seconds.
  path: Assets/Stuffs/Player/Inventory/Textures/ammoText.png
  artifactKey: Guid(0825582649a6b4e389ca96a22cc8bff7) Importer(815301076,1909f56bfc062723c751e8b465ee728b)
Start importing Assets/Stuffs/Player/Inventory/Textures/ammoText.png using Guid(0825582649a6b4e389ca96a22cc8bff7) Importer(815301076,1909f56bfc062723c751e8b465ee728b)  -> (artifact id: 'a1055d47c8158979974a7b2e09c2fde7') in 2.825472 seconds
  Import took 2.837918 seconds .

========================================================================
Received Import Request.
  Time since last request: 13.079569 seconds.
  path: Assets/Stuffs/Player/Inventory/Textures/AnnoTexture.png
  artifactKey: Guid(0825582649a6b4e389ca96a22cc8bff7) Importer(815301076,1909f56bfc062723c751e8b465ee728b)
Start importing Assets/Stuffs/Player/Inventory/Textures/AnnoTexture.png using Guid(0825582649a6b4e389ca96a22cc8bff7) Importer(815301076,1909f56bfc062723c751e8b465ee728b)  -> (artifact id: 'bfdbfb861f2910fb433f67ec02cc9eba') in 0.024961 seconds
  Import took 0.039695 seconds .

========================================================================
Received Import Request.
  Time since last request: 11.627429 seconds.
  path: Assets/Stuffs/Player/Inventory/Textures/AmmoTexture.png
  artifactKey: Guid(0825582649a6b4e389ca96a22cc8bff7) Importer(815301076,1909f56bfc062723c751e8b465ee728b)
Start importing Assets/Stuffs/Player/Inventory/Textures/AmmoTexture.png using Guid(0825582649a6b4e389ca96a22cc8bff7) Importer(815301076,1909f56bfc062723c751e8b465ee728b)  -> (artifact id: 'a741ace409972c0303d161554ea1f353') in 0.021577 seconds
  Import took 0.039169 seconds .

========================================================================
Received Import Request.
  Time since last request: 10.251878 seconds.
  path: Assets/Stuffs/Player/Inventory/Textures/AmmoTexture.png
  artifactKey: Guid(0825582649a6b4e389ca96a22cc8bff7) Importer(815301076,1909f56bfc062723c751e8b465ee728b)
Start importing Assets/Stuffs/Player/Inventory/Textures/AmmoTexture.png using Guid(0825582649a6b4e389ca96a22cc8bff7) Importer(815301076,1909f56bfc062723c751e8b465ee728b)  -> (artifact id: '574236783d6d2e152804dfa2c0457761') in 0.206123 seconds
  Import took 0.228153 seconds .

========================================================================
Received Prepare
Registering precompiled user dll's ...
Registered in 0.001540 seconds.
Begin MonoManager ReloadAssembly
Native extension for WindowsStandalone target not found
Native extension for OSXStandalone target not found
Native extension for WebGL target not found
Refreshing native plugins compatible for Editor in 1.00 ms, found 1 plugins.
Preloading 0 native plugins for Editor in 0.00 ms.
Mono: successfully reloaded assembly
- Completed reload, in  3.206 seconds
Platform modules already initialized, skipping
Refreshing native plugins compatible for Editor in 0.73 ms, found 1 plugins.
Preloading 0 native plugins for Editor in 0.00 ms.
Unloading 3246 Unused Serialized files (Serialized files now loaded: 0)
System memory in use before: 339.6 MB.
System memory in use after: 339.3 MB.

Unloading 26 unused Assets to reduce memory usage. Loaded Objects now: 3988.
Total: 8.434544 ms (FindLiveObjects: 1.054106 ms CreateObjectMapping: 0.410850 ms MarkObjects: 6.070497 ms  DeleteObjects: 0.896183 ms)

========================================================================
Received Import Request.
  Time since last request: 226.368290 seconds.
  path: Assets/Stuffs/Player/Inventory/Slot.prefab
  artifactKey: Guid(9fccfd358250e4256946eac6763a8c09) Importer(815301076,1909f56bfc062723c751e8b465ee728b)
Start importing Assets/Stuffs/Player/Inventory/Slot.prefab using Guid(9fccfd358250e4256946eac6763a8c09) Importer(815301076,1909f56bfc062723c751e8b465ee728b)  -> (artifact id: 'bd026cefe45c61989968c6f1d7f8977a') in 4.587839 seconds
  Import took 4.601029 seconds .

========================================================================
Received Prepare
Registering precompiled user dll's ...
Registered in 0.001534 seconds.
Begin MonoManager ReloadAssembly
Native extension for WindowsStandalone target not found
Native extension for OSXStandalone target not found
Native extension for WebGL target not found
Refreshing native plugins compatible for Editor in 1.45 ms, found 1 plugins.
Preloading 0 native plugins for Editor in 0.00 ms.
Mono: successfully reloaded assembly
- Completed reload, in  2.862 seconds
Platform modules already initialized, skipping
Refreshing native plugins compatible for Editor in 0.76 ms, found 1 plugins.
Preloading 0 native plugins for Editor in 0.00 ms.
Unloading 3246 Unused Serialized files (Serialized files now loaded: 0)
System memory in use before: 344.3 MB.
System memory in use after: 343.9 MB.

Unloading 26 unused Assets to reduce memory usage. Loaded Objects now: 3991.
Total: 5.540120 ms (FindLiveObjects: 0.403963 ms CreateObjectMapping: 0.218151 ms MarkObjects: 4.257618 ms  DeleteObjects: 0.657938 ms)

========================================================================
Received Prepare
Registering precompiled user dll's ...
Registered in 0.002540 seconds.
Begin MonoManager ReloadAssembly
Native extension for WindowsStandalone target not found
Native extension for OSXStandalone target not found
Native extension for WebGL target not found
Refreshing native plugins compatible for Editor in 0.86 ms, found 1 plugins.
Preloading 0 native plugins for Editor in 0.00 ms.
Mono: successfully reloaded assembly
- Completed reload, in  3.207 seconds
Platform modules already initialized, skipping
Refreshing native plugins compatible for Editor in 0.78 ms, found 1 plugins.
Preloading 0 native plugins for Editor in 0.00 ms.
Unloading 3246 Unused Serialized files (Serialized files now loaded: 0)
System memory in use before: 344.7 MB.
System memory in use after: 344.4 MB.

Unloading 26 unused Assets to reduce memory usage. Loaded Objects now: 3994.
Total: 7.058203 ms (FindLiveObjects: 1.228177 ms CreateObjectMapping: 0.533079 ms MarkObjects: 4.614196 ms  DeleteObjects: 0.679125 ms)

========================================================================
Received Import Request.
  Time since last request: 122.982698 seconds.
  path: Assets/Stuffs/Player/Inventory/InvManager.cs
  artifactKey: Guid(8b5426cda34f04b8b88ee94c8bd74f53) Importer(815301076,1909f56bfc062723c751e8b465ee728b)
Start importing Assets/Stuffs/Player/Inventory/InvManager.cs using Guid(8b5426cda34f04b8b88ee94c8bd74f53) Importer(815301076,1909f56bfc062723c751e8b465ee728b)  -> (artifact id: 'a2e682ff30d6afb60153cbba9237a5a1') in 0.023115 seconds
  Import took 0.045778 seconds .

========================================================================
Received Import Request.
  Time since last request: 0.081474 seconds.
  path: Assets/Stuffs/Player/Inventory/InvManager.cs
  artifactKey: Guid(8b5426cda34f04b8b88ee94c8bd74f53) Importer(815301076,1909f56bfc062723c751e8b465ee728b)
Start importing Assets/Stuffs/Player/Inventory/InvManager.cs using Guid(8b5426cda34f04b8b88ee94c8bd74f53) Importer(815301076,1909f56bfc062723c751e8b465ee728b)  -> (artifact id: 'a2e682ff30d6afb60153cbba9237a5a1') in 0.004408 seconds
  Import took 0.021817 seconds .

========================================================================
Received Prepare
Registering precompiled user dll's ...
Registered in 0.001662 seconds.
Begin MonoManager ReloadAssembly
Native extension for WindowsStandalone target not found
Native extension for OSXStandalone target not found
Native extension for WebGL target not found
Refreshing native plugins compatible for Editor in 0.73 ms, found 1 plugins.
Preloading 0 native plugins for Editor in 0.00 ms.
Mono: successfully reloaded assembly
- Completed reload, in  2.820 seconds
Platform modules already initialized, skipping
Refreshing native plugins compatible for Editor in 2.45 ms, found 1 plugins.
Preloading 0 native plugins for Editor in 0.00 ms.
Unloading 3246 Unused Serialized files (Serialized files now loaded: 0)
System memory in use before: 345.2 MB.
System memory in use after: 344.8 MB.

Unloading 26 unused Assets to reduce memory usage. Loaded Objects now: 3997.
Total: 6.189396 ms (FindLiveObjects: 0.734965 ms CreateObjectMapping: 0.334170 ms MarkObjects: 4.459509 ms  DeleteObjects: 0.657728 ms)

========================================================================
Received Prepare
Registering precompiled user dll's ...
Registered in 0.002202 seconds.
Begin MonoManager ReloadAssembly
Native extension for WindowsStandalone target not found
Native extension for OSXStandalone target not found
Native extension for WebGL target not found
Refreshing native plugins compatible for Editor in 1.00 ms, found 1 plugins.
Preloading 0 native plugins for Editor in 0.00 ms.
Mono: successfully reloaded assembly
- Completed reload, in  2.668 seconds
Platform modules already initialized, skipping
Refreshing native plugins compatible for Editor in 0.86 ms, found 1 plugins.
Preloading 0 native plugins for Editor in 0.00 ms.
Unloading 3246 Unused Serialized files (Serialized files now loaded: 0)
System memory in use before: 345.6 MB.
System memory in use after: 345.3 MB.

Unloading 26 unused Assets to reduce memory usage. Loaded Objects now: 4000.
Total: 6.855022 ms (FindLiveObjects: 1.209187 ms CreateObjectMapping: 0.411529 ms MarkObjects: 4.575199 ms  DeleteObjects: 0.655827 ms)

========================================================================
Received Prepare
Registering precompiled user dll's ...
Registered in 0.001881 seconds.
Begin MonoManager ReloadAssembly
Native extension for WindowsStandalone target not found
Native extension for OSXStandalone target not found
Native extension for WebGL target not found
Refreshing native plugins compatible for Editor in 0.97 ms, found 1 plugins.
Preloading 0 native plugins for Editor in 0.00 ms.
Mono: successfully reloaded assembly
- Completed reload, in  1.860 seconds
Platform modules already initialized, skipping
Refreshing native plugins compatible for Editor in 0.59 ms, found 1 plugins.
Preloading 0 native plugins for Editor in 0.00 ms.
Unloading 3246 Unused Serialized files (Serialized files now loaded: 0)
System memory in use before: 346.0 MB.
System memory in use after: 345.7 MB.

Unloading 26 unused Assets to reduce memory usage. Loaded Objects now: 4003.
Total: 3.810842 ms (FindLiveObjects: 0.939883 ms CreateObjectMapping: 0.282899 ms MarkObjects: 2.228282 ms  DeleteObjects: 0.357602 ms)

========================================================================
Received Prepare
Registering precompiled user dll's ...
Registered in 0.001710 seconds.
Begin MonoManager ReloadAssembly
Native extension for WindowsStandalone target not found
Native extension for OSXStandalone target not found
Native extension for WebGL target not found
Refreshing native plugins compatible for Editor in 0.67 ms, found 1 plugins.
Preloading 0 native plugins for Editor in 0.00 ms.
Mono: successfully reloaded assembly
- Completed reload, in  2.828 seconds
Platform modules already initialized, skipping
Refreshing native plugins compatible for Editor in 0.69 ms, found 1 plugins.
Preloading 0 native plugins for Editor in 0.00 ms.
Unloading 3246 Unused Serialized files (Serialized files now loaded: 0)
System memory in use before: 346.5 MB.
System memory in use after: 346.1 MB.

Unloading 26 unused Assets to reduce memory usage. Loaded Objects now: 4006.
Total: 4.293364 ms (FindLiveObjects: 0.364405 ms CreateObjectMapping: 0.240716 ms MarkObjects: 3.261201 ms  DeleteObjects: 0.424838 ms)

========================================================================
Received Prepare
Registering precompiled user dll's ...
Registered in 0.002258 seconds.
Begin MonoManager ReloadAssembly
Native extension for WindowsStandalone target not found
Native extension for OSXStandalone target not found
Native extension for WebGL target not found
Refreshing native plugins compatible for Editor in 0.75 ms, found 1 plugins.
Preloading 0 native plugins for Editor in 0.00 ms.
Mono: successfully reloaded assembly
- Completed reload, in  2.940 seconds
Platform modules already initialized, skipping
Refreshing native plugins compatible for Editor in 0.92 ms, found 1 plugins.
Preloading 0 native plugins for Editor in 0.00 ms.
Unloading 3246 Unused Serialized files (Serialized files now loaded: 0)
System memory in use before: 346.9 MB.
System memory in use after: 346.6 MB.

Unloading 26 unused Assets to reduce memory usage. Loaded Objects now: 4009.
Total: 4.132856 ms (FindLiveObjects: 0.441428 ms CreateObjectMapping: 0.186743 ms MarkObjects: 3.018069 ms  DeleteObjects: 0.485008 ms)

========================================================================
Received Prepare
Registering precompiled user dll's ...
Registered in 0.001376 seconds.
Begin MonoManager ReloadAssembly
Native extension for WindowsStandalone target not found
Native extension for OSXStandalone target not found
Native extension for WebGL target not found
Refreshing native plugins compatible for Editor in 0.75 ms, found 1 plugins.
Preloading 0 native plugins for Editor in 0.00 ms.
Mono: successfully reloaded assembly
- Completed reload, in  2.895 seconds
Platform modules already initialized, skipping
Refreshing native plugins compatible for Editor in 0.86 ms, found 1 plugins.
Preloading 0 native plugins for Editor in 0.00 ms.
Unloading 3246 Unused Serialized files (Serialized files now loaded: 0)
System memory in use before: 347.3 MB.
System memory in use after: 347.0 MB.

Unloading 26 unused Assets to reduce memory usage. Loaded Objects now: 4012.
Total: 4.696345 ms (FindLiveObjects: 0.543201 ms CreateObjectMapping: 0.352859 ms MarkObjects: 3.350642 ms  DeleteObjects: 0.447448 ms)

========================================================================
Received Prepare
Registering precompiled user dll's ...
Registered in 0.001404 seconds.
Begin MonoManager ReloadAssembly
Native extension for WindowsStandalone target not found
Native extension for OSXStandalone target not found
Native extension for WebGL target not found
Refreshing native plugins compatible for Editor in 0.74 ms, found 1 plugins.
Preloading 0 native plugins for Editor in 0.00 ms.
Mono: successfully reloaded assembly
- Completed reload, in  2.581 seconds
Platform modules already initialized, skipping
Refreshing native plugins compatible for Editor in 0.92 ms, found 1 plugins.
Preloading 0 native plugins for Editor in 0.00 ms.
Unloading 3246 Unused Serialized files (Serialized files now loaded: 0)
System memory in use before: 347.8 MB.
System memory in use after: 347.4 MB.

Unloading 26 unused Assets to reduce memory usage. Loaded Objects now: 4015.
Total: 6.242674 ms (FindLiveObjects: 0.634607 ms CreateObjectMapping: 0.228073 ms MarkObjects: 4.728256 ms  DeleteObjects: 0.646967 ms)

========================================================================
Received Prepare
Registering precompiled user dll's ...
Registered in 0.001457 seconds.
Begin MonoManager ReloadAssembly
Native extension for WindowsStandalone target not found
Native extension for OSXStandalone target not found
Native extension for WebGL target not found
Refreshing native plugins compatible for Editor in 0.85 ms, found 1 plugins.
Preloading 0 native plugins for Editor in 0.00 ms.
Mono: successfully reloaded assembly
- Completed reload, in  3.279 seconds
Platform modules already initialized, skipping
Refreshing native plugins compatible for Editor in 0.97 ms, found 1 plugins.
Preloading 0 native plugins for Editor in 0.00 ms.
Unloading 3246 Unused Serialized files (Serialized files now loaded: 0)
System memory in use before: 348.2 MB.
System memory in use after: 347.9 MB.

Unloading 26 unused Assets to reduce memory usage. Loaded Objects now: 4018.
Total: 10.945860 ms (FindLiveObjects: 0.982009 ms CreateObjectMapping: 0.358013 ms MarkObjects: 8.823827 ms  DeleteObjects: 0.779064 ms)

========================================================================
Received Prepare
Registering precompiled user dll's ...
Registered in 0.001793 seconds.
Begin MonoManager ReloadAssembly
Native extension for WindowsStandalone target not found
Native extension for OSXStandalone target not found
Native extension for WebGL target not found
Refreshing native plugins compatible for Editor in 0.87 ms, found 1 plugins.
Preloading 0 native plugins for Editor in 0.00 ms.
Mono: successfully reloaded assembly
- Completed reload, in  3.585 seconds
Platform modules already initialized, skipping
Refreshing native plugins compatible for Editor in 1.22 ms, found 1 plugins.
Preloading 0 native plugins for Editor in 0.00 ms.
Unloading 3246 Unused Serialized files (Serialized files now loaded: 0)
System memory in use before: 348.6 MB.
System memory in use after: 348.3 MB.

Unloading 26 unused Assets to reduce memory usage. Loaded Objects now: 4021.
Total: 4.464104 ms (FindLiveObjects: 0.511363 ms CreateObjectMapping: 0.192244 ms MarkObjects: 3.093259 ms  DeleteObjects: 0.664696 ms)

========================================================================
Received Prepare
Registering precompiled user dll's ...
Registered in 0.001348 seconds.
Begin MonoManager ReloadAssembly
Native extension for WindowsStandalone target not found
Native extension for OSXStandalone target not found
Native extension for WebGL target not found
Refreshing native plugins compatible for Editor in 0.75 ms, found 1 plugins.
Preloading 0 native plugins for Editor in 0.00 ms.
Mono: successfully reloaded assembly
- Completed reload, in  2.196 seconds
Platform modules already initialized, skipping
Refreshing native plugins compatible for Editor in 0.98 ms, found 1 plugins.
Preloading 0 native plugins for Editor in 0.00 ms.
Unloading 3246 Unused Serialized files (Serialized files now loaded: 0)
System memory in use before: 349.1 MB.
System memory in use after: 348.7 MB.

Unloading 26 unused Assets to reduce memory usage. Loaded Objects now: 4024.
Total: 3.846639 ms (FindLiveObjects: 0.362316 ms CreateObjectMapping: 0.158743 ms MarkObjects: 2.831365 ms  DeleteObjects: 0.491812 ms)

========================================================================
Received Prepare
Registering precompiled user dll's ...
Registered in 0.002065 seconds.
Begin MonoManager ReloadAssembly
Native extension for WindowsStandalone target not found
Native extension for OSXStandalone target not found
Native extension for WebGL target not found
Refreshing native plugins compatible for Editor in 0.70 ms, found 1 plugins.
Preloading 0 native plugins for Editor in 0.00 ms.
Mono: successfully reloaded assembly
- Completed reload, in  2.753 seconds
Platform modules already initialized, skipping
Refreshing native plugins compatible for Editor in 0.67 ms, found 1 plugins.
Preloading 0 native plugins for Editor in 0.00 ms.
Unloading 3246 Unused Serialized files (Serialized files now loaded: 0)
System memory in use before: 349.5 MB.
System memory in use after: 349.2 MB.

Unloading 26 unused Assets to reduce memory usage. Loaded Objects now: 4027.
Total: 4.095181 ms (FindLiveObjects: 0.383503 ms CreateObjectMapping: 0.170422 ms MarkObjects: 2.952939 ms  DeleteObjects: 0.586263 ms)

========================================================================
Received Prepare
Registering precompiled user dll's ...
Registered in 0.002338 seconds.
Begin MonoManager ReloadAssembly
Native extension for WindowsStandalone target not found
Native extension for OSXStandalone target not found
Native extension for WebGL target not found
Refreshing native plugins compatible for Editor in 1.02 ms, found 1 plugins.
Preloading 0 native plugins for Editor in 0.00 ms.
Mono: successfully reloaded assembly
- Completed reload, in  4.638 seconds
Platform modules already initialized, skipping
Refreshing native plugins compatible for Editor in 1.31 ms, found 1 plugins.
Preloading 0 native plugins for Editor in 0.00 ms.
Unloading 3246 Unused Serialized files (Serialized files now loaded: 0)
System memory in use before: 349.9 MB.
System memory in use after: 349.6 MB.

Unloading 26 unused Assets to reduce memory usage. Loaded Objects now: 4030.
Total: 6.639938 ms (FindLiveObjects: 0.851009 ms CreateObjectMapping: 0.272153 ms MarkObjects: 4.856535 ms  DeleteObjects: 0.656082 ms)

========================================================================
Received Prepare
Registering precompiled user dll's ...
Registered in 0.003171 seconds.
Begin MonoManager ReloadAssembly
Native extension for WindowsStandalone target not found
Native extension for OSXStandalone target not found
Native extension for WebGL target not found
Refreshing native plugins compatible for Editor in 1.21 ms, found 1 plugins.
Preloading 0 native plugins for Editor in 0.00 ms.
Mono: successfully reloaded assembly
- Completed reload, in  5.703 seconds
Platform modules already initialized, skipping
Refreshing native plugins compatible for Editor in 1.26 ms, found 1 plugins.
Preloading 0 native plugins for Editor in 0.00 ms.
Unloading 3246 Unused Serialized files (Serialized files now loaded: 0)
System memory in use before: 350.4 MB.
System memory in use after: 350.0 MB.

Unloading 26 unused Assets to reduce memory usage. Loaded Objects now: 4033.
Total: 12.296832 ms (FindLiveObjects: 3.364451 ms CreateObjectMapping: 1.292200 ms MarkObjects: 6.813149 ms  DeleteObjects: 0.820767 ms)

========================================================================
Received Prepare
Registering precompiled user dll's ...
Registered in 0.001582 seconds.
Begin MonoManager ReloadAssembly
Native extension for WindowsStandalone target not found
Native extension for OSXStandalone target not found
Native extension for WebGL target not found
Refreshing native plugins compatible for Editor in 0.84 ms, found 1 plugins.
Preloading 0 native plugins for Editor in 0.00 ms.
Mono: successfully reloaded assembly
- Completed reload, in  2.496 seconds
Platform modules already initialized, skipping
Refreshing native plugins compatible for Editor in 0.74 ms, found 1 plugins.
Preloading 0 native plugins for Editor in 0.00 ms.
Unloading 3246 Unused Serialized files (Serialized files now loaded: 0)
System memory in use before: 351.9 MB.
System memory in use after: 351.5 MB.

Unloading 26 unused Assets to reduce memory usage. Loaded Objects now: 4036.
Total: 8.613013 ms (FindLiveObjects: 0.582019 ms CreateObjectMapping: 0.268839 ms MarkObjects: 5.937561 ms  DeleteObjects: 1.820068 ms)

AssetImportWorkerClient::OnTransportError - code=2 error=End of file
